<?xml version="1.0" encoding="UTF-8" ?>
<testsuite tests="48" failures="8" name="TestRunner2" time="1,079.326" errors="0" skipped="9">
  <properties>
    <property name="java.runtime.name" value="Java(TM) SE Runtime Environment"/>
    <property name="sun.boot.library.path" value="C:\Program Files\Java\jdk1.8.0_91\jre\bin"/>
    <property name="java.vm.version" value="25.91-b15"/>
    <property name="java.vm.vendor" value="Oracle Corporation"/>
    <property name="java.vendor.url" value="http://java.oracle.com/"/>
    <property name="path.separator" value=";"/>
    <property name="java.vm.name" value="Java HotSpot(TM) 64-Bit Server VM"/>
    <property name="file.encoding.pkg" value="sun.io"/>
    <property name="user.script" value=""/>
    <property name="user.country" value="IN"/>
    <property name="sun.java.launcher" value="SUN_STANDARD"/>
    <property name="sun.os.patch.level" value="Service Pack 1"/>
    <property name="java.vm.specification.name" value="Java Virtual Machine Specification"/>
    <property name="user.dir" value="D:\qaautomationlibrary\catalyst"/>
    <property name="java.runtime.version" value="1.8.0_91-b15"/>
    <property name="java.awt.graphicsenv" value="sun.awt.Win32GraphicsEnvironment"/>
    <property name="basedir" value="D:\qaautomationlibrary\catalyst"/>
    <property name="java.endorsed.dirs" value="C:\Program Files\Java\jdk1.8.0_91\jre\lib\endorsed"/>
    <property name="os.arch" value="amd64"/>
    <property name="surefire.real.class.path" value="C:\Windows\TEMP\surefirebooter4892052687000163262.jar"/>
    <property name="java.io.tmpdir" value="C:\Windows\TEMP\"/>
    <property name="line.separator" value="
"/>
    <property name="java.vm.specification.vendor" value="Oracle Corporation"/>
    <property name="user.variant" value=""/>
    <property name="os.name" value="Windows 7"/>
    <property name="sun.jnu.encoding" value="Cp1252"/>
    <property name="java.library.path" value="C:\Program Files\Java\jdk1.8.0_91\jre\bin;C:\Windows\Sun\Java\bin;C:\Windows\system32;C:\Windows;D:\ProjectDocs\apache-maven-3.3.9/bin;C:\Program Files\Java\jdk1.8.0_91/bin;C:\ProgramData\Oracle\Java\javapath;C:\Windows\system32;C:\Windows;C:\Windows\System32\Wbem;C:\Windows\System32\WindowsPowerShell\v1.0\;C:\Program Files (x86)\Skype\Phone\;D:\ProjectDocs\apache-maven-3.3.9\bin;C:\Program Files\Java\jdk1.8.0_91\bin;C:\Program Files\Git\cmd;;."/>
    <property name="surefire.test.class.path" value="D:\qaautomationlibrary\catalyst\target\test-classes;D:\qaautomationlibrary\catalyst\target\classes;C:\Users\rle0372.RLPL\.jenkins\maven-repositories\0\org\seleniumhq\selenium\htmlunit-driver\2.20\htmlunit-driver-2.20.jar;C:\Users\rle0372.RLPL\.jenkins\maven-repositories\0\net\sourceforge\htmlunit\htmlunit\2.20\htmlunit-2.20.jar;C:\Users\rle0372.RLPL\.jenkins\maven-repositories\0\xalan\xalan\2.7.2\xalan-2.7.2.jar;C:\Users\rle0372.RLPL\.jenkins\maven-repositories\0\xalan\serializer\2.7.2\serializer-2.7.2.jar;C:\Users\rle0372.RLPL\.jenkins\maven-repositories\0\org\apache\commons\commons-lang3\3.4\commons-lang3-3.4.jar;C:\Users\rle0372.RLPL\.jenkins\maven-repositories\0\org\apache\httpcomponents\httpclient\4.5.2\httpclient-4.5.2.jar;C:\Users\rle0372.RLPL\.jenkins\maven-repositories\0\org\apache\httpcomponents\httpcore\4.4.4\httpcore-4.4.4.jar;C:\Users\rle0372.RLPL\.jenkins\maven-repositories\0\org\apache\httpcomponents\httpmime\4.5.2\httpmime-4.5.2.jar;C:\Users\rle0372.RLPL\.jenkins\maven-repositories\0\commons-codec\commons-codec\1.10\commons-codec-1.10.jar;C:\Users\rle0372.RLPL\.jenkins\maven-repositories\0\net\sourceforge\htmlunit\htmlunit-core-js\2.17\htmlunit-core-js-2.17.jar;C:\Users\rle0372.RLPL\.jenkins\maven-repositories\0\xerces\xercesImpl\2.11.0\xercesImpl-2.11.0.jar;C:\Users\rle0372.RLPL\.jenkins\maven-repositories\0\net\sourceforge\nekohtml\nekohtml\1.9.22\nekohtml-1.9.22.jar;C:\Users\rle0372.RLPL\.jenkins\maven-repositories\0\net\sourceforge\cssparser\cssparser\0.9.18\cssparser-0.9.18.jar;C:\Users\rle0372.RLPL\.jenkins\maven-repositories\0\org\w3c\css\sac\1.3\sac-1.3.jar;C:\Users\rle0372.RLPL\.jenkins\maven-repositories\0\commons-io\commons-io\2.4\commons-io-2.4.jar;C:\Users\rle0372.RLPL\.jenkins\maven-repositories\0\commons-logging\commons-logging\1.2\commons-logging-1.2.jar;C:\Users\rle0372.RLPL\.jenkins\maven-repositories\0\org\eclipse\jetty\websocket\websocket-client\9.2.15.v20160210\websocket-client-9.2.15.v20160210.jar;C:\Users\rle0372.RLPL\.jenkins\maven-repositories\0\org\eclipse\jetty\jetty-util\9.2.15.v20160210\jetty-util-9.2.15.v20160210.jar;C:\Users\rle0372.RLPL\.jenkins\maven-repositories\0\org\eclipse\jetty\jetty-io\9.2.15.v20160210\jetty-io-9.2.15.v20160210.jar;C:\Users\rle0372.RLPL\.jenkins\maven-repositories\0\org\eclipse\jetty\websocket\websocket-common\9.2.15.v20160210\websocket-common-9.2.15.v20160210.jar;C:\Users\rle0372.RLPL\.jenkins\maven-repositories\0\org\eclipse\jetty\websocket\websocket-api\9.2.15.v20160210\websocket-api-9.2.15.v20160210.jar;C:\Users\rle0372.RLPL\.jenkins\maven-repositories\0\commons-collections\commons-collections\3.2.2\commons-collections-3.2.2.jar;C:\Users\rle0372.RLPL\.jenkins\maven-repositories\0\org\seleniumhq\selenium\selenium-java\2.53.1\selenium-java-2.53.1.jar;C:\Users\rle0372.RLPL\.jenkins\maven-repositories\0\org\seleniumhq\selenium\selenium-edge-driver\2.53.1\selenium-edge-driver-2.53.1.jar;C:\Users\rle0372.RLPL\.jenkins\maven-repositories\0\org\seleniumhq\selenium\selenium-safari-driver\2.53.1\selenium-safari-driver-2.53.1.jar;C:\Users\rle0372.RLPL\.jenkins\maven-repositories\0\io\netty\netty\3.5.7.Final\netty-3.5.7.Final.jar;C:\Users\rle0372.RLPL\.jenkins\maven-repositories\0\org\seleniumhq\selenium\selenium-support\2.53.1\selenium-support-2.53.1.jar;C:\Users\rle0372.RLPL\.jenkins\maven-repositories\0\org\seleniumhq\selenium\selenium-leg-rc\2.53.1\selenium-leg-rc-2.53.1.jar;C:\Users\rle0372.RLPL\.jenkins\maven-repositories\0\org\seleniumhq\selenium\selenium-firefox-driver\2.53.1\selenium-firefox-driver-2.53.1.jar;C:\Users\rle0372.RLPL\.jenkins\maven-repositories\0\org\seleniumhq\selenium\selenium-remote-driver\2.53.1\selenium-remote-driver-2.53.1.jar;C:\Users\rle0372.RLPL\.jenkins\maven-repositories\0\cglib\cglib-nodep\2.1_3\cglib-nodep-2.1_3.jar;C:\Users\rle0372.RLPL\.jenkins\maven-repositories\0\org\seleniumhq\selenium\selenium-api\2.53.1\selenium-api-2.53.1.jar;C:\Users\rle0372.RLPL\.jenkins\maven-repositories\0\org\apache\commons\commons-exec\1.3\commons-exec-1.3.jar;C:\Users\rle0372.RLPL\.jenkins\maven-repositories\0\org\seleniumhq\selenium\selenium-ie-driver\2.53.1\selenium-ie-driver-2.53.1.jar;C:\Users\rle0372.RLPL\.jenkins\maven-repositories\0\net\java\dev\jna\jna\4.1.0\jna-4.1.0.jar;C:\Users\rle0372.RLPL\.jenkins\maven-repositories\0\net\java\dev\jna\jna-platform\4.1.0\jna-platform-4.1.0.jar;C:\Users\rle0372.RLPL\.jenkins\maven-repositories\0\org\seleniumhq\selenium\selenium-chrome-driver\2.53.1\selenium-chrome-driver-2.53.1.jar;C:\Users\rle0372.RLPL\.jenkins\maven-repositories\0\xml-apis\xml-apis\1.4.01\xml-apis-1.4.01.jar;C:\Users\rle0372.RLPL\.jenkins\maven-repositories\0\org\bluestemsoftware\open\maven\tparty\xerces-impl\2.9.0\xerces-impl-2.9.0.jar;C:\Users\rle0372.RLPL\.jenkins\maven-repositories\0\info\cukes\cucumber-core\1.1.6\cucumber-core-1.1.6.jar;C:\Users\rle0372.RLPL\.jenkins\maven-repositories\0\info\cukes\cucumber-html\0.2.3\cucumber-html-0.2.3.jar;C:\Users\rle0372.RLPL\.jenkins\maven-repositories\0\info\cukes\cucumber-jvm-deps\1.0.3\cucumber-jvm-deps-1.0.3.jar;C:\Users\rle0372.RLPL\.jenkins\maven-repositories\0\info\cukes\gherkin\2.12.2\gherkin-2.12.2.jar;C:\Users\rle0372.RLPL\.jenkins\maven-repositories\0\info\cukes\cucumber-java\1.1.6\cucumber-java-1.1.6.jar;C:\Users\rle0372.RLPL\.jenkins\maven-repositories\0\info\cukes\cucumber-junit\1.1.6\cucumber-junit-1.1.6.jar;C:\Users\rle0372.RLPL\.jenkins\maven-repositories\0\net\masterthought\maven-cucumber-reporting\0.0.7\maven-cucumber-reporting-0.0.7.jar;C:\Users\rle0372.RLPL\.jenkins\maven-repositories\0\org\apache\maven\maven-plugin-api\2.0\maven-plugin-api-2.0.jar;C:\Users\rle0372.RLPL\.jenkins\maven-repositories\0\org\apache\maven\plugins\maven-gpg-plugin\1.4\maven-gpg-plugin-1.4.jar;C:\Users\rle0372.RLPL\.jenkins\maven-repositories\0\org\apache\maven\maven-project\2.0.6\maven-project-2.0.6.jar;C:\Users\rle0372.RLPL\.jenkins\maven-repositories\0\org\apache\maven\maven-settings\2.0.6\maven-settings-2.0.6.jar;C:\Users\rle0372.RLPL\.jenkins\maven-repositories\0\org\apache\maven\maven-profile\2.0.6\maven-profile-2.0.6.jar;C:\Users\rle0372.RLPL\.jenkins\maven-repositories\0\org\apache\maven\maven-artifact-manager\2.0.6\maven-artifact-manager-2.0.6.jar;C:\Users\rle0372.RLPL\.jenkins\maven-repositories\0\org\apache\maven\maven-repository-metadata\2.0.6\maven-repository-metadata-2.0.6.jar;C:\Users\rle0372.RLPL\.jenkins\maven-repositories\0\org\apache\maven\wagon\wagon-provider-api\1.0-beta-2\wagon-provider-api-1.0-beta-2.jar;C:\Users\rle0372.RLPL\.jenkins\maven-repositories\0\org\apache\maven\maven-plugin-registry\2.0.6\maven-plugin-registry-2.0.6.jar;C:\Users\rle0372.RLPL\.jenkins\maven-repositories\0\org\apache\maven\maven-artifact\2.0.6\maven-artifact-2.0.6.jar;C:\Users\rle0372.RLPL\.jenkins\maven-repositories\0\org\apache\maven\maven-model\2.0.6\maven-model-2.0.6.jar;C:\Users\rle0372.RLPL\.jenkins\maven-repositories\0\org\codehaus\plexus\plexus-utils\2.0.5\plexus-utils-2.0.5.jar;C:\Users\rle0372.RLPL\.jenkins\maven-repositories\0\com\googlecode\totallylazy\totallylazy\1.20\totallylazy-1.20.jar;C:\Users\rle0372.RLPL\.jenkins\maven-repositories\0\net\masterthought\cucumber-reporting\0.0.23\cucumber-reporting-0.0.23.jar;C:\Users\rle0372.RLPL\.jenkins\maven-repositories\0\com\google\code\gson\gson\2.2.4\gson-2.2.4.jar;C:\Users\rle0372.RLPL\.jenkins\maven-repositories\0\org\apache\velocity\velocity\1.7\velocity-1.7.jar;C:\Users\rle0372.RLPL\.jenkins\maven-repositories\0\commons-lang\commons-lang\2.4\commons-lang-2.4.jar;C:\Users\rle0372.RLPL\.jenkins\maven-repositories\0\velocity-tools\velocity-tools\1.4\velocity-tools-1.4.jar;C:\Users\rle0372.RLPL\.jenkins\maven-repositories\0\joda-time\joda-time\2.1\joda-time-2.1.jar;C:\Users\rle0372.RLPL\.jenkins\maven-repositories\0\org\mockito\mockito-all\1.9.0\mockito-all-1.9.0.jar;C:\Users\rle0372.RLPL\.jenkins\maven-repositories\0\org\jsoup\jsoup\1.7.2\jsoup-1.7.2.jar;C:\Users\rle0372.RLPL\.jenkins\maven-repositories\0\org\glassfish\javax.json\1.0.4\javax.json-1.0.4.jar;C:\Users\rle0372.RLPL\.jenkins\maven-repositories\0\com\google\guava\guava\17.0\guava-17.0.jar;C:\Users\rle0372.RLPL\.jenkins\maven-repositories\0\junit\junit\4.11\junit-4.11.jar;C:\Users\rle0372.RLPL\.jenkins\maven-repositories\0\org\hamcrest\hamcrest-core\1.3\hamcrest-core-1.3.jar;C:\Users\rle0372.RLPL\.jenkins\maven-repositories\0\net\sf\jtidy\jtidy\r938\jtidy-r938.jar;C:\Users\rle0372.RLPL\.jenkins\maven-repositories\0\com\pojosontheweb\monte-repack\1.0\monte-repack-1.0.jar;C:\Users\rle0372.RLPL\.jenkins\maven-repositories\0\javax\media\jai\com.springsource.javax.media.jai.core\1.1.3\com.springsource.javax.media.jai.core-1.1.3.jar;C:\Users\rle0372.RLPL\.jenkins\maven-repositories\0\javax\media\jai\com.springsource.javax.media.jai.codec\1.1.3\com.springsource.javax.media.jai.codec-1.1.3.jar;C:\Users\rle0372.RLPL\.jenkins\maven-repositories\0\javax\media\jmf\2.1.1e\jmf-2.1.1e.jar;C:\Users\rle0372.RLPL\.jenkins\maven-repositories\0\org\slf4j\slf4j-api\1.6.1\slf4j-api-1.6.1.jar;C:\Users\rle0372.RLPL\.jenkins\maven-repositories\0\org\slf4j\slf4j-log4j12\1.6.1\slf4j-log4j12-1.6.1.jar;C:\Users\rle0372.RLPL\.jenkins\maven-repositories\0\log4j\log4j\1.2.16\log4j-1.2.16.jar;C:\Users\rle0372.RLPL\.jenkins\maven-repositories\0\org\apache\poi\poi-scratchpad\3.12\poi-scratchpad-3.12.jar;C:\Users\rle0372.RLPL\.jenkins\maven-repositories\0\org\apache\poi\poi\3.12\poi-3.12.jar;C:\Users\rle0372.RLPL\.jenkins\maven-repositories\0\org\apache\poi\poi-ooxml-schemas\3.12\poi-ooxml-schemas-3.12.jar;C:\Users\rle0372.RLPL\.jenkins\maven-repositories\0\org\apache\xmlbeans\xmlbeans\2.6.0\xmlbeans-2.6.0.jar;C:\Users\rle0372.RLPL\.jenkins\maven-repositories\0\stax\stax-api\1.0.1\stax-api-1.0.1.jar;C:\Users\rle0372.RLPL\.jenkins\maven-repositories\0\org\apache\poi\poi-ooxml\3.12\poi-ooxml-3.12.jar;"/>
    <property name="java.specification.name" value="Java Platform API Specification"/>
    <property name="java.class.version" value="52.0"/>
    <property name="sun.management.compiler" value="HotSpot 64-Bit Tiered Compilers"/>
    <property name="os.version" value="6.1"/>
    <property name="user.home" value="C:\Windows\system32\config\systemprofile"/>
    <property name="user.timezone" value="Asia/Calcutta"/>
    <property name="java.awt.printerjob" value="sun.awt.windows.WPrinterJob"/>
    <property name="testFailureIgnore" value="true"/>
    <property name="java.specification.version" value="1.8"/>
    <property name="file.encoding" value="Cp1252"/>
    <property name="user.name" value="RLE0372$"/>
    <property name="java.class.path" value="D:\qaautomationlibrary\catalyst\target\test-classes;D:\qaautomationlibrary\catalyst\target\classes;C:\Users\rle0372.RLPL\.jenkins\maven-repositories\0\org\seleniumhq\selenium\htmlunit-driver\2.20\htmlunit-driver-2.20.jar;C:\Users\rle0372.RLPL\.jenkins\maven-repositories\0\net\sourceforge\htmlunit\htmlunit\2.20\htmlunit-2.20.jar;C:\Users\rle0372.RLPL\.jenkins\maven-repositories\0\xalan\xalan\2.7.2\xalan-2.7.2.jar;C:\Users\rle0372.RLPL\.jenkins\maven-repositories\0\xalan\serializer\2.7.2\serializer-2.7.2.jar;C:\Users\rle0372.RLPL\.jenkins\maven-repositories\0\org\apache\commons\commons-lang3\3.4\commons-lang3-3.4.jar;C:\Users\rle0372.RLPL\.jenkins\maven-repositories\0\org\apache\httpcomponents\httpclient\4.5.2\httpclient-4.5.2.jar;C:\Users\rle0372.RLPL\.jenkins\maven-repositories\0\org\apache\httpcomponents\httpcore\4.4.4\httpcore-4.4.4.jar;C:\Users\rle0372.RLPL\.jenkins\maven-repositories\0\org\apache\httpcomponents\httpmime\4.5.2\httpmime-4.5.2.jar;C:\Users\rle0372.RLPL\.jenkins\maven-repositories\0\commons-codec\commons-codec\1.10\commons-codec-1.10.jar;C:\Users\rle0372.RLPL\.jenkins\maven-repositories\0\net\sourceforge\htmlunit\htmlunit-core-js\2.17\htmlunit-core-js-2.17.jar;C:\Users\rle0372.RLPL\.jenkins\maven-repositories\0\xerces\xercesImpl\2.11.0\xercesImpl-2.11.0.jar;C:\Users\rle0372.RLPL\.jenkins\maven-repositories\0\net\sourceforge\nekohtml\nekohtml\1.9.22\nekohtml-1.9.22.jar;C:\Users\rle0372.RLPL\.jenkins\maven-repositories\0\net\sourceforge\cssparser\cssparser\0.9.18\cssparser-0.9.18.jar;C:\Users\rle0372.RLPL\.jenkins\maven-repositories\0\org\w3c\css\sac\1.3\sac-1.3.jar;C:\Users\rle0372.RLPL\.jenkins\maven-repositories\0\commons-io\commons-io\2.4\commons-io-2.4.jar;C:\Users\rle0372.RLPL\.jenkins\maven-repositories\0\commons-logging\commons-logging\1.2\commons-logging-1.2.jar;C:\Users\rle0372.RLPL\.jenkins\maven-repositories\0\org\eclipse\jetty\websocket\websocket-client\9.2.15.v20160210\websocket-client-9.2.15.v20160210.jar;C:\Users\rle0372.RLPL\.jenkins\maven-repositories\0\org\eclipse\jetty\jetty-util\9.2.15.v20160210\jetty-util-9.2.15.v20160210.jar;C:\Users\rle0372.RLPL\.jenkins\maven-repositories\0\org\eclipse\jetty\jetty-io\9.2.15.v20160210\jetty-io-9.2.15.v20160210.jar;C:\Users\rle0372.RLPL\.jenkins\maven-repositories\0\org\eclipse\jetty\websocket\websocket-common\9.2.15.v20160210\websocket-common-9.2.15.v20160210.jar;C:\Users\rle0372.RLPL\.jenkins\maven-repositories\0\org\eclipse\jetty\websocket\websocket-api\9.2.15.v20160210\websocket-api-9.2.15.v20160210.jar;C:\Users\rle0372.RLPL\.jenkins\maven-repositories\0\commons-collections\commons-collections\3.2.2\commons-collections-3.2.2.jar;C:\Users\rle0372.RLPL\.jenkins\maven-repositories\0\org\seleniumhq\selenium\selenium-java\2.53.1\selenium-java-2.53.1.jar;C:\Users\rle0372.RLPL\.jenkins\maven-repositories\0\org\seleniumhq\selenium\selenium-edge-driver\2.53.1\selenium-edge-driver-2.53.1.jar;C:\Users\rle0372.RLPL\.jenkins\maven-repositories\0\org\seleniumhq\selenium\selenium-safari-driver\2.53.1\selenium-safari-driver-2.53.1.jar;C:\Users\rle0372.RLPL\.jenkins\maven-repositories\0\io\netty\netty\3.5.7.Final\netty-3.5.7.Final.jar;C:\Users\rle0372.RLPL\.jenkins\maven-repositories\0\org\seleniumhq\selenium\selenium-support\2.53.1\selenium-support-2.53.1.jar;C:\Users\rle0372.RLPL\.jenkins\maven-repositories\0\org\seleniumhq\selenium\selenium-leg-rc\2.53.1\selenium-leg-rc-2.53.1.jar;C:\Users\rle0372.RLPL\.jenkins\maven-repositories\0\org\seleniumhq\selenium\selenium-firefox-driver\2.53.1\selenium-firefox-driver-2.53.1.jar;C:\Users\rle0372.RLPL\.jenkins\maven-repositories\0\org\seleniumhq\selenium\selenium-remote-driver\2.53.1\selenium-remote-driver-2.53.1.jar;C:\Users\rle0372.RLPL\.jenkins\maven-repositories\0\cglib\cglib-nodep\2.1_3\cglib-nodep-2.1_3.jar;C:\Users\rle0372.RLPL\.jenkins\maven-repositories\0\org\seleniumhq\selenium\selenium-api\2.53.1\selenium-api-2.53.1.jar;C:\Users\rle0372.RLPL\.jenkins\maven-repositories\0\org\apache\commons\commons-exec\1.3\commons-exec-1.3.jar;C:\Users\rle0372.RLPL\.jenkins\maven-repositories\0\org\seleniumhq\selenium\selenium-ie-driver\2.53.1\selenium-ie-driver-2.53.1.jar;C:\Users\rle0372.RLPL\.jenkins\maven-repositories\0\net\java\dev\jna\jna\4.1.0\jna-4.1.0.jar;C:\Users\rle0372.RLPL\.jenkins\maven-repositories\0\net\java\dev\jna\jna-platform\4.1.0\jna-platform-4.1.0.jar;C:\Users\rle0372.RLPL\.jenkins\maven-repositories\0\org\seleniumhq\selenium\selenium-chrome-driver\2.53.1\selenium-chrome-driver-2.53.1.jar;C:\Users\rle0372.RLPL\.jenkins\maven-repositories\0\xml-apis\xml-apis\1.4.01\xml-apis-1.4.01.jar;C:\Users\rle0372.RLPL\.jenkins\maven-repositories\0\org\bluestemsoftware\open\maven\tparty\xerces-impl\2.9.0\xerces-impl-2.9.0.jar;C:\Users\rle0372.RLPL\.jenkins\maven-repositories\0\info\cukes\cucumber-core\1.1.6\cucumber-core-1.1.6.jar;C:\Users\rle0372.RLPL\.jenkins\maven-repositories\0\info\cukes\cucumber-html\0.2.3\cucumber-html-0.2.3.jar;C:\Users\rle0372.RLPL\.jenkins\maven-repositories\0\info\cukes\cucumber-jvm-deps\1.0.3\cucumber-jvm-deps-1.0.3.jar;C:\Users\rle0372.RLPL\.jenkins\maven-repositories\0\info\cukes\gherkin\2.12.2\gherkin-2.12.2.jar;C:\Users\rle0372.RLPL\.jenkins\maven-repositories\0\info\cukes\cucumber-java\1.1.6\cucumber-java-1.1.6.jar;C:\Users\rle0372.RLPL\.jenkins\maven-repositories\0\info\cukes\cucumber-junit\1.1.6\cucumber-junit-1.1.6.jar;C:\Users\rle0372.RLPL\.jenkins\maven-repositories\0\net\masterthought\maven-cucumber-reporting\0.0.7\maven-cucumber-reporting-0.0.7.jar;C:\Users\rle0372.RLPL\.jenkins\maven-repositories\0\org\apache\maven\maven-plugin-api\2.0\maven-plugin-api-2.0.jar;C:\Users\rle0372.RLPL\.jenkins\maven-repositories\0\org\apache\maven\plugins\maven-gpg-plugin\1.4\maven-gpg-plugin-1.4.jar;C:\Users\rle0372.RLPL\.jenkins\maven-repositories\0\org\apache\maven\maven-project\2.0.6\maven-project-2.0.6.jar;C:\Users\rle0372.RLPL\.jenkins\maven-repositories\0\org\apache\maven\maven-settings\2.0.6\maven-settings-2.0.6.jar;C:\Users\rle0372.RLPL\.jenkins\maven-repositories\0\org\apache\maven\maven-profile\2.0.6\maven-profile-2.0.6.jar;C:\Users\rle0372.RLPL\.jenkins\maven-repositories\0\org\apache\maven\maven-artifact-manager\2.0.6\maven-artifact-manager-2.0.6.jar;C:\Users\rle0372.RLPL\.jenkins\maven-repositories\0\org\apache\maven\maven-repository-metadata\2.0.6\maven-repository-metadata-2.0.6.jar;C:\Users\rle0372.RLPL\.jenkins\maven-repositories\0\org\apache\maven\wagon\wagon-provider-api\1.0-beta-2\wagon-provider-api-1.0-beta-2.jar;C:\Users\rle0372.RLPL\.jenkins\maven-repositories\0\org\apache\maven\maven-plugin-registry\2.0.6\maven-plugin-registry-2.0.6.jar;C:\Users\rle0372.RLPL\.jenkins\maven-repositories\0\org\apache\maven\maven-artifact\2.0.6\maven-artifact-2.0.6.jar;C:\Users\rle0372.RLPL\.jenkins\maven-repositories\0\org\apache\maven\maven-model\2.0.6\maven-model-2.0.6.jar;C:\Users\rle0372.RLPL\.jenkins\maven-repositories\0\org\codehaus\plexus\plexus-utils\2.0.5\plexus-utils-2.0.5.jar;C:\Users\rle0372.RLPL\.jenkins\maven-repositories\0\com\googlecode\totallylazy\totallylazy\1.20\totallylazy-1.20.jar;C:\Users\rle0372.RLPL\.jenkins\maven-repositories\0\net\masterthought\cucumber-reporting\0.0.23\cucumber-reporting-0.0.23.jar;C:\Users\rle0372.RLPL\.jenkins\maven-repositories\0\com\google\code\gson\gson\2.2.4\gson-2.2.4.jar;C:\Users\rle0372.RLPL\.jenkins\maven-repositories\0\org\apache\velocity\velocity\1.7\velocity-1.7.jar;C:\Users\rle0372.RLPL\.jenkins\maven-repositories\0\commons-lang\commons-lang\2.4\commons-lang-2.4.jar;C:\Users\rle0372.RLPL\.jenkins\maven-repositories\0\velocity-tools\velocity-tools\1.4\velocity-tools-1.4.jar;C:\Users\rle0372.RLPL\.jenkins\maven-repositories\0\joda-time\joda-time\2.1\joda-time-2.1.jar;C:\Users\rle0372.RLPL\.jenkins\maven-repositories\0\org\mockito\mockito-all\1.9.0\mockito-all-1.9.0.jar;C:\Users\rle0372.RLPL\.jenkins\maven-repositories\0\org\jsoup\jsoup\1.7.2\jsoup-1.7.2.jar;C:\Users\rle0372.RLPL\.jenkins\maven-repositories\0\org\glassfish\javax.json\1.0.4\javax.json-1.0.4.jar;C:\Users\rle0372.RLPL\.jenkins\maven-repositories\0\com\google\guava\guava\17.0\guava-17.0.jar;C:\Users\rle0372.RLPL\.jenkins\maven-repositories\0\junit\junit\4.11\junit-4.11.jar;C:\Users\rle0372.RLPL\.jenkins\maven-repositories\0\org\hamcrest\hamcrest-core\1.3\hamcrest-core-1.3.jar;C:\Users\rle0372.RLPL\.jenkins\maven-repositories\0\net\sf\jtidy\jtidy\r938\jtidy-r938.jar;C:\Users\rle0372.RLPL\.jenkins\maven-repositories\0\com\pojosontheweb\monte-repack\1.0\monte-repack-1.0.jar;C:\Users\rle0372.RLPL\.jenkins\maven-repositories\0\javax\media\jai\com.springsource.javax.media.jai.core\1.1.3\com.springsource.javax.media.jai.core-1.1.3.jar;C:\Users\rle0372.RLPL\.jenkins\maven-repositories\0\javax\media\jai\com.springsource.javax.media.jai.codec\1.1.3\com.springsource.javax.media.jai.codec-1.1.3.jar;C:\Users\rle0372.RLPL\.jenkins\maven-repositories\0\javax\media\jmf\2.1.1e\jmf-2.1.1e.jar;C:\Users\rle0372.RLPL\.jenkins\maven-repositories\0\org\slf4j\slf4j-api\1.6.1\slf4j-api-1.6.1.jar;C:\Users\rle0372.RLPL\.jenkins\maven-repositories\0\org\slf4j\slf4j-log4j12\1.6.1\slf4j-log4j12-1.6.1.jar;C:\Users\rle0372.RLPL\.jenkins\maven-repositories\0\log4j\log4j\1.2.16\log4j-1.2.16.jar;C:\Users\rle0372.RLPL\.jenkins\maven-repositories\0\org\apache\poi\poi-scratchpad\3.12\poi-scratchpad-3.12.jar;C:\Users\rle0372.RLPL\.jenkins\maven-repositories\0\org\apache\poi\poi\3.12\poi-3.12.jar;C:\Users\rle0372.RLPL\.jenkins\maven-repositories\0\org\apache\poi\poi-ooxml-schemas\3.12\poi-ooxml-schemas-3.12.jar;C:\Users\rle0372.RLPL\.jenkins\maven-repositories\0\org\apache\xmlbeans\xmlbeans\2.6.0\xmlbeans-2.6.0.jar;C:\Users\rle0372.RLPL\.jenkins\maven-repositories\0\stax\stax-api\1.0.1\stax-api-1.0.1.jar;C:\Users\rle0372.RLPL\.jenkins\maven-repositories\0\org\apache\poi\poi-ooxml\3.12\poi-ooxml-3.12.jar;"/>
    <property name="java.vm.specification.version" value="1.8"/>
    <property name="sun.arch.data.model" value="64"/>
    <property name="java.home" value="C:\Program Files\Java\jdk1.8.0_91\jre"/>
    <property name="sun.java.command" value="C:\Windows\TEMP\surefirebooter4892052687000163262.jar C:\Windows\TEMP\surefire5524966881313406752tmp C:\Windows\TEMP\surefire7877960694893917272tmp"/>
    <property name="java.specification.vendor" value="Oracle Corporation"/>
    <property name="user.language" value="en"/>
    <property name="awt.toolkit" value="sun.awt.windows.WToolkit"/>
    <property name="java.vm.info" value="mixed mode"/>
    <property name="java.version" value="1.8.0_91"/>
    <property name="java.ext.dirs" value="C:\Program Files\Java\jdk1.8.0_91\jre\lib\ext;C:\Windows\Sun\Java\lib\ext"/>
    <property name="sun.boot.class.path" value="C:\Program Files\Java\jdk1.8.0_91\jre\lib\resources.jar;C:\Program Files\Java\jdk1.8.0_91\jre\lib\rt.jar;C:\Program Files\Java\jdk1.8.0_91\jre\lib\sunrsasign.jar;C:\Program Files\Java\jdk1.8.0_91\jre\lib\jsse.jar;C:\Program Files\Java\jdk1.8.0_91\jre\lib\jce.jar;C:\Program Files\Java\jdk1.8.0_91\jre\lib\charsets.jar;C:\Program Files\Java\jdk1.8.0_91\jre\lib\jfr.jar;C:\Program Files\Java\jdk1.8.0_91\jre\classes"/>
    <property name="java.vendor" value="Oracle Corporation"/>
    <property name="localRepository" value="C:\Users\rle0372.RLPL\.jenkins\maven-repositories\0"/>
    <property name="file.separator" value="\"/>
    <property name="java.vendor.url.bug" value="http://bugreport.sun.com/bugreport/"/>
    <property name="sun.cpu.endian" value="little"/>
    <property name="sun.io.unicode.encoding" value="UnicodeLittle"/>
    <property name="sun.desktop" value="windows"/>
    <property name="sun.cpu.isalist" value="amd64"/>
  </properties>
  <testcase classname="| superadmin | UAT_RL1 |" name="Given I Login to catalyst using &quot;superadmin&quot; access credentials" time="0.002"/>
  <testcase classname="| superadmin | UAT_RL1 |" name="And I see the catalyst &quot;workzone&quot;" time="0"/>
  <testcase classname="| superadmin | UAT_RL1 |" name="And I click on the Settings Link" time="0"/>
  <testcase classname="| superadmin | UAT_RL1 |" name="And I click on Organizations link in main page" time="0"/>
  <testcase classname="| superadmin | UAT_RL1 |" name="And I click on &quot;newOrg&quot; button" time="0"/>
  <testcase classname="| superadmin | UAT_RL1 |" name="And I enter &quot;UAT_RL1&quot; in &quot;orgname&quot; Edit box" time="0"/>
  <testcase classname="| superadmin | UAT_RL1 |" name="And I click on save button" time="0"/>
  <testcase classname="| superadmin | UAT_RL1 |" name="And I verify the created &quot;UAT_RL1&quot; in list" time="0"/>
  <testcase classname="| superadmin | UAT_RL1 |" name="| superadmin | UAT_RL1 |" time="0.009"/>
  <testcase classname="| Cat_Chef_Server | mycatqa | https://api.opscode.com/organizations/cattest | UAT_RL1 |" name="And I click on &quot;Config Setup&quot; link" time="0"/>
  <testcase classname="| Cat_Chef_Server | mycatqa | https://api.opscode.com/organizations/cattest | UAT_RL1 |" name="And I click on &quot;Chef Server&quot; link" time="0"/>
  <testcase classname="| Cat_Chef_Server | mycatqa | https://api.opscode.com/organizations/cattest | UAT_RL1 |" name="And I click on &quot;newConfig&quot; button" time="0"/>
  <testcase classname="| Cat_Chef_Server | mycatqa | https://api.opscode.com/organizations/cattest | UAT_RL1 |" name="And I enter &quot;Cat_Chef_Server&quot; in &quot;configname&quot; Edit box" time="0"/>
  <testcase classname="| Cat_Chef_Server | mycatqa | https://api.opscode.com/organizations/cattest | UAT_RL1 |" name="And I enter &quot;mycatqa&quot; in &quot;loginname&quot; Edit box" time="0"/>
  <testcase classname="| Cat_Chef_Server | mycatqa | https://api.opscode.com/organizations/cattest | UAT_RL1 |" name="And I enter &quot;https://api.opscode.com/organizations/cattest&quot; in &quot;url&quot; Edit box" time="0.001"/>
  <testcase classname="| Cat_Chef_Server | mycatqa | https://api.opscode.com/organizations/cattest | UAT_RL1 |" name="And I select &quot;UAT_RL1&quot; from the select box" time="0"/>
  <testcase classname="| Cat_Chef_Server | mycatqa | https://api.opscode.com/organizations/cattest | UAT_RL1 |" name="And I click on user pem file browse button" time="0"/>
  <testcase classname="| Cat_Chef_Server | mycatqa | https://api.opscode.com/organizations/cattest | UAT_RL1 |" name="And I click on knife file browse button" time="0.001"/>
  <testcase classname="| Cat_Chef_Server | mycatqa | https://api.opscode.com/organizations/cattest | UAT_RL1 |" name="And I click on save button" time="0.001"/>
  <testcase classname="| Cat_Chef_Server | mycatqa | https://api.opscode.com/organizations/cattest | UAT_RL1 |" name="And I verify created &quot;Cat_Chef_Server&quot; in chef server table" time="0.005">
    <failure type="junit.framework.AssertionFailedError">junit.framework.AssertionFailedError
	at junit.framework.Assert.fail(Assert.java:55)
	at junit.framework.Assert.assertTrue(Assert.java:22)
	at junit.framework.Assert.assertTrue(Assert.java:31)
	at com.rl.qa.views.ChefServerSetupViews.verifyChefServerName(ChefServerSetupViews.java:118)
	at com.rl.qa.steps.ChefServerSetupSteps.iVerifyCreatedInChefServerTable(ChefServerSetupSteps.java:125)
	at ✽.And I verify created &quot;Cat_Chef_Server&quot; in chef server table(src/test/resources/catalyst/settings/orgsetup/CreateEditDelEnvByCreatingNewEnv.feature:29)
</failure>
  </testcase>
  <testcase classname="| Cat_Chef_Server | mycatqa | https://api.opscode.com/organizations/cattest | UAT_RL1 |" name="| Cat_Chef_Server | mycatqa | https://api.opscode.com/organizations/cattest | UAT_RL1 |" time="0.006">
    <failure type="junit.framework.AssertionFailedError">junit.framework.AssertionFailedError
	at junit.framework.Assert.fail(Assert.java:55)
	at junit.framework.Assert.assertTrue(Assert.java:22)
	at junit.framework.Assert.assertTrue(Assert.java:31)
	at com.rl.qa.views.ChefServerSetupViews.verifyChefServerName(ChefServerSetupViews.java:118)
	at com.rl.qa.steps.ChefServerSetupSteps.iVerifyCreatedInChefServerTable(ChefServerSetupSteps.java:125)
	at ✽.And I verify created &quot;Cat_Chef_Server&quot; in chef server table(src/test/resources/catalyst/settings/orgsetup/CreateEditDelEnvByCreatingNewEnv.feature:29)
</failure>
  </testcase>
  <testcase classname="| UAT_RL1 | Cat_Chef_Server |" name="And I click on Environments link" time="0"/>
  <testcase classname="| UAT_RL1 | Cat_Chef_Server |" name="And I click on &quot;newENV&quot; button" time="0"/>
  <testcase classname="| UAT_RL1 | Cat_Chef_Server |" name="And I select &quot;UAT_RL1&quot; from the select box" time="0"/>
  <testcase classname="| UAT_RL1 | Cat_Chef_Server |" name="And I click on add chef environment button on create environment page" time="0"/>
  <testcase classname="| UAT_RL1 | Cat_Chef_Server |" name="And I enter  chef environment in &quot;chefenvname&quot; Edit box" time="0">
    <failure message="String index out of range: 240" type="junit.framework.AssertionFailedError">junit.framework.AssertionFailedError: String index out of range: 240
	at junit.framework.Assert.fail(Assert.java:57)
	at junit.framework.TestCase.fail(TestCase.java:227)
	at com.rl.qa.views.CreateEditDelEnvViews.enterRandomEnvName(CreateEditDelEnvViews.java:100)
	at com.rl.qa.steps.CreateEditDelEnvSteps.iEnterChefEnvironmentInEditBox(CreateEditDelEnvSteps.java:48)
	at ✽.And I enter  chef environment in &quot;chefenvname&quot; Edit box(src/test/resources/catalyst/settings/orgsetup/CreateEditDelEnvByCreatingNewEnv.feature:40)
</failure>
  </testcase>
  <testcase classname="| UAT_RL1 | Cat_Chef_Server |" name="| UAT_RL1 | Cat_Chef_Server |" time="0">
    <failure message="String index out of range: 240" type="junit.framework.AssertionFailedError">junit.framework.AssertionFailedError: String index out of range: 240
	at junit.framework.Assert.fail(Assert.java:57)
	at junit.framework.TestCase.fail(TestCase.java:227)
	at com.rl.qa.views.CreateEditDelEnvViews.enterRandomEnvName(CreateEditDelEnvViews.java:100)
	at com.rl.qa.steps.CreateEditDelEnvSteps.iEnterChefEnvironmentInEditBox(CreateEditDelEnvSteps.java:48)
	at ✽.And I enter  chef environment in &quot;chefenvname&quot; Edit box(src/test/resources/catalyst/settings/orgsetup/CreateEditDelEnvByCreatingNewEnv.feature:40)
</failure>
  </testcase>
  <testcase classname="| UAT_RL1 | Cat_Chef_Server |" name="And I click on save button" time="0.001">
    <skipped/>
  </testcase>
  <testcase classname="| UAT_RL1 | Cat_Chef_Server |" name="And I verify newly created &quot;environment&quot; in environments table" time="0.001">
    <skipped/>
  </testcase>
  <testcase classname="| UAT_RL1 | Cat_Chef_Server |" name="And I verify &quot;environment&quot; with assigned &quot;UAT_RL1&quot; in the environments table" time="0.002">
    <skipped/>
  </testcase>
  <testcase classname="| UAT_RL1 | Cat_Chef_Server |" name="And I verify &quot;environment&quot; with assigned &quot;Cat_Chef_Server&quot; in the environments table" time="0.002">
    <skipped/>
  </testcase>
  <testcase classname="| UAT_RL1 | Cat_Chef_Server |" name="And I select the &quot;envName&quot; and verify &quot;Edit&quot; Button is enabled in environments table" time="0.003">
    <skipped/>
  </testcase>
  <testcase classname="| UAT_RL1 | Cat_Chef_Server |" name="And I select the &quot;envName&quot; and verify &quot;Delete&quot; Button is enabled in environments table" time="0.003">
    <skipped/>
  </testcase>
  <testcase classname="| Cat_Chef_Server |" name="And I select the &quot;Cat_Chef_Server&quot; and click on corresponding &quot;Delete&quot; Button" time="0">
    <failure message="Unable to locate element: {&quot;method&quot;:&quot;xpath&quot;,&quot;selector&quot;:&quot;.//*[@id=&apos;envtable&apos;]//td[text()=&apos;Cat_Chef_Server&apos;]/following-sibling::td//*[@title=&apos;Delete&apos;]&quot;}
For documentation on this error, please visit: http://seleniumhq.org/exceptions/no_such_element.html
Build info: version: &apos;2.53.1&apos;, revision: &apos;a36b8b1&apos;, time: &apos;2016-06-30 17:37:03&apos;
System info: host: &apos;chef&apos;, ip: &apos;127.0.1.1&apos;, os.name: &apos;Linux&apos;, os.arch: &apos;i386&apos;, os.version: &apos;3.13.0-83-generic&apos;, java.version: &apos;1.8.0_74&apos;
Driver info: driver.version: unknown
Command duration or timeout: 40.31 seconds
For documentation on this error, please visit: http://seleniumhq.org/exceptions/no_such_element.html
Build info: version: &apos;2.53.1&apos;, revision: &apos;a36b8b1cd5757287168e54b817830adce9b0158d&apos;, time: &apos;2016-06-30 19:26:09&apos;
System info: host: &apos;RLE0372&apos;, ip: &apos;192.168.152.153&apos;, os.name: &apos;Windows 7&apos;, os.arch: &apos;amd64&apos;, os.version: &apos;6.1&apos;, java.version: &apos;1.8.0_91&apos;
Driver info: org.openqa.selenium.remote.RemoteWebDriver
Capabilities [{applicationCacheEnabled=true, rotatable=false, hasMetadata=true, databaseEnabled=true, handlesAlerts=true, version=45.0, platform=LINUX, nativeEvents=false, acceptSslCerts=true, webdriver.remote.sessionid=055ec6c3e6514a7e826a07fd7ed5a1d2, locationContextEnabled=true, webStorageEnabled=true, takesScreenshot=true, browserName=firefox, javascriptEnabled=true, cssSelectorsEnabled=true}]
Session ID: 055ec6c3e6514a7e826a07fd7ed5a1d2
*** Element info: {Using=xpath, value=.//*[@id=&apos;envtable&apos;]//td[text()=&apos;Cat_Chef_Server&apos;]/following-sibling::td//*[@title=&apos;Delete&apos;]}" type="junit.framework.AssertionFailedError">junit.framework.AssertionFailedError: Unable to locate element: {&quot;method&quot;:&quot;xpath&quot;,&quot;selector&quot;:&quot;.//*[@id=&apos;envtable&apos;]//td[text()=&apos;Cat_Chef_Server&apos;]/following-sibling::td//*[@title=&apos;Delete&apos;]&quot;}
For documentation on this error, please visit: http://seleniumhq.org/exceptions/no_such_element.html
Build info: version: &apos;2.53.1&apos;, revision: &apos;a36b8b1&apos;, time: &apos;2016-06-30 17:37:03&apos;
System info: host: &apos;chef&apos;, ip: &apos;127.0.1.1&apos;, os.name: &apos;Linux&apos;, os.arch: &apos;i386&apos;, os.version: &apos;3.13.0-83-generic&apos;, java.version: &apos;1.8.0_74&apos;
Driver info: driver.version: unknown
Command duration or timeout: 40.31 seconds
For documentation on this error, please visit: http://seleniumhq.org/exceptions/no_such_element.html
Build info: version: &apos;2.53.1&apos;, revision: &apos;a36b8b1cd5757287168e54b817830adce9b0158d&apos;, time: &apos;2016-06-30 19:26:09&apos;
System info: host: &apos;RLE0372&apos;, ip: &apos;192.168.152.153&apos;, os.name: &apos;Windows 7&apos;, os.arch: &apos;amd64&apos;, os.version: &apos;6.1&apos;, java.version: &apos;1.8.0_91&apos;
Driver info: org.openqa.selenium.remote.RemoteWebDriver
Capabilities [{applicationCacheEnabled=true, rotatable=false, hasMetadata=true, databaseEnabled=true, handlesAlerts=true, version=45.0, platform=LINUX, nativeEvents=false, acceptSslCerts=true, webdriver.remote.sessionid=055ec6c3e6514a7e826a07fd7ed5a1d2, locationContextEnabled=true, webStorageEnabled=true, takesScreenshot=true, browserName=firefox, javascriptEnabled=true, cssSelectorsEnabled=true}]
Session ID: 055ec6c3e6514a7e826a07fd7ed5a1d2
*** Element info: {Using=xpath, value=.//*[@id=&apos;envtable&apos;]//td[text()=&apos;Cat_Chef_Server&apos;]/following-sibling::td//*[@title=&apos;Delete&apos;]}
	at junit.framework.Assert.fail(Assert.java:57)
	at junit.framework.TestCase.fail(TestCase.java:227)
	at com.rl.qa.views.ChefServerSetupViews.chefServerEditButton(ChefServerSetupViews.java:98)
	at com.rl.qa.steps.ChefServerSetupSteps.iSelectTheAndClickOnCorrespondingButton(ChefServerSetupSteps.java:51)
	at ✽.And I select the &quot;Cat_Chef_Server&quot; and click on corresponding &quot;Delete&quot; Button(src/test/resources/catalyst/settings/orgsetup/CreateEditDelEnvByCreatingNewEnv.feature:70)
</failure>
  </testcase>
  <testcase classname="| Cat_Chef_Server |" name="| Cat_Chef_Server |" time="0.001">
    <failure message="Unable to locate element: {&quot;method&quot;:&quot;xpath&quot;,&quot;selector&quot;:&quot;.//*[@id=&apos;envtable&apos;]//td[text()=&apos;Cat_Chef_Server&apos;]/following-sibling::td//*[@title=&apos;Delete&apos;]&quot;}
For documentation on this error, please visit: http://seleniumhq.org/exceptions/no_such_element.html
Build info: version: &apos;2.53.1&apos;, revision: &apos;a36b8b1&apos;, time: &apos;2016-06-30 17:37:03&apos;
System info: host: &apos;chef&apos;, ip: &apos;127.0.1.1&apos;, os.name: &apos;Linux&apos;, os.arch: &apos;i386&apos;, os.version: &apos;3.13.0-83-generic&apos;, java.version: &apos;1.8.0_74&apos;
Driver info: driver.version: unknown
Command duration or timeout: 40.31 seconds
For documentation on this error, please visit: http://seleniumhq.org/exceptions/no_such_element.html
Build info: version: &apos;2.53.1&apos;, revision: &apos;a36b8b1cd5757287168e54b817830adce9b0158d&apos;, time: &apos;2016-06-30 19:26:09&apos;
System info: host: &apos;RLE0372&apos;, ip: &apos;192.168.152.153&apos;, os.name: &apos;Windows 7&apos;, os.arch: &apos;amd64&apos;, os.version: &apos;6.1&apos;, java.version: &apos;1.8.0_91&apos;
Driver info: org.openqa.selenium.remote.RemoteWebDriver
Capabilities [{applicationCacheEnabled=true, rotatable=false, hasMetadata=true, databaseEnabled=true, handlesAlerts=true, version=45.0, platform=LINUX, nativeEvents=false, acceptSslCerts=true, webdriver.remote.sessionid=055ec6c3e6514a7e826a07fd7ed5a1d2, locationContextEnabled=true, webStorageEnabled=true, takesScreenshot=true, browserName=firefox, javascriptEnabled=true, cssSelectorsEnabled=true}]
Session ID: 055ec6c3e6514a7e826a07fd7ed5a1d2
*** Element info: {Using=xpath, value=.//*[@id=&apos;envtable&apos;]//td[text()=&apos;Cat_Chef_Server&apos;]/following-sibling::td//*[@title=&apos;Delete&apos;]}" type="junit.framework.AssertionFailedError">junit.framework.AssertionFailedError: Unable to locate element: {&quot;method&quot;:&quot;xpath&quot;,&quot;selector&quot;:&quot;.//*[@id=&apos;envtable&apos;]//td[text()=&apos;Cat_Chef_Server&apos;]/following-sibling::td//*[@title=&apos;Delete&apos;]&quot;}
For documentation on this error, please visit: http://seleniumhq.org/exceptions/no_such_element.html
Build info: version: &apos;2.53.1&apos;, revision: &apos;a36b8b1&apos;, time: &apos;2016-06-30 17:37:03&apos;
System info: host: &apos;chef&apos;, ip: &apos;127.0.1.1&apos;, os.name: &apos;Linux&apos;, os.arch: &apos;i386&apos;, os.version: &apos;3.13.0-83-generic&apos;, java.version: &apos;1.8.0_74&apos;
Driver info: driver.version: unknown
Command duration or timeout: 40.31 seconds
For documentation on this error, please visit: http://seleniumhq.org/exceptions/no_such_element.html
Build info: version: &apos;2.53.1&apos;, revision: &apos;a36b8b1cd5757287168e54b817830adce9b0158d&apos;, time: &apos;2016-06-30 19:26:09&apos;
System info: host: &apos;RLE0372&apos;, ip: &apos;192.168.152.153&apos;, os.name: &apos;Windows 7&apos;, os.arch: &apos;amd64&apos;, os.version: &apos;6.1&apos;, java.version: &apos;1.8.0_91&apos;
Driver info: org.openqa.selenium.remote.RemoteWebDriver
Capabilities [{applicationCacheEnabled=true, rotatable=false, hasMetadata=true, databaseEnabled=true, handlesAlerts=true, version=45.0, platform=LINUX, nativeEvents=false, acceptSslCerts=true, webdriver.remote.sessionid=055ec6c3e6514a7e826a07fd7ed5a1d2, locationContextEnabled=true, webStorageEnabled=true, takesScreenshot=true, browserName=firefox, javascriptEnabled=true, cssSelectorsEnabled=true}]
Session ID: 055ec6c3e6514a7e826a07fd7ed5a1d2
*** Element info: {Using=xpath, value=.//*[@id=&apos;envtable&apos;]//td[text()=&apos;Cat_Chef_Server&apos;]/following-sibling::td//*[@title=&apos;Delete&apos;]}
	at junit.framework.Assert.fail(Assert.java:57)
	at junit.framework.TestCase.fail(TestCase.java:227)
	at com.rl.qa.views.ChefServerSetupViews.chefServerEditButton(ChefServerSetupViews.java:98)
	at com.rl.qa.steps.ChefServerSetupSteps.iSelectTheAndClickOnCorrespondingButton(ChefServerSetupSteps.java:51)
	at ✽.And I select the &quot;Cat_Chef_Server&quot; and click on corresponding &quot;Delete&quot; Button(src/test/resources/catalyst/settings/orgsetup/CreateEditDelEnvByCreatingNewEnv.feature:70)
</failure>
  </testcase>
  <testcase classname="| Cat_Chef_Server |" name="And I click on OK button" time="0.003">
    <skipped/>
  </testcase>
  <testcase classname="| Cat_Chef_Server |" name="And I verify the created environment is deleted" time="0.003">
    <skipped/>
  </testcase>
  <testcase classname="| Cat_Chef_Server |" name="And I click on &quot;Chef Server&quot; link" time="0"/>
  <testcase classname="| Cat_Chef_Server |" name="And I select the &quot;Cat_Chef_Server&quot; and click on corresponding &quot;Delete&quot; Button" time="0">
    <failure message="Unable to locate element: {&quot;method&quot;:&quot;xpath&quot;,&quot;selector&quot;:&quot;.//*[@id=&apos;envtable&apos;]//td[text()=&apos;Cat_Chef_Server&apos;]/following-sibling::td//*[@title=&apos;Delete&apos;]&quot;}
For documentation on this error, please visit: http://seleniumhq.org/exceptions/no_such_element.html
Build info: version: &apos;2.53.1&apos;, revision: &apos;a36b8b1&apos;, time: &apos;2016-06-30 17:37:03&apos;
System info: host: &apos;chef&apos;, ip: &apos;127.0.1.1&apos;, os.name: &apos;Linux&apos;, os.arch: &apos;i386&apos;, os.version: &apos;3.13.0-83-generic&apos;, java.version: &apos;1.8.0_74&apos;
Driver info: driver.version: unknown
Command duration or timeout: 40.27 seconds
For documentation on this error, please visit: http://seleniumhq.org/exceptions/no_such_element.html
Build info: version: &apos;2.53.1&apos;, revision: &apos;a36b8b1cd5757287168e54b817830adce9b0158d&apos;, time: &apos;2016-06-30 19:26:09&apos;
System info: host: &apos;RLE0372&apos;, ip: &apos;192.168.152.153&apos;, os.name: &apos;Windows 7&apos;, os.arch: &apos;amd64&apos;, os.version: &apos;6.1&apos;, java.version: &apos;1.8.0_91&apos;
Driver info: org.openqa.selenium.remote.RemoteWebDriver
Capabilities [{applicationCacheEnabled=true, rotatable=false, hasMetadata=true, databaseEnabled=true, handlesAlerts=true, version=45.0, platform=LINUX, nativeEvents=false, acceptSslCerts=true, webdriver.remote.sessionid=055ec6c3e6514a7e826a07fd7ed5a1d2, locationContextEnabled=true, webStorageEnabled=true, takesScreenshot=true, browserName=firefox, javascriptEnabled=true, cssSelectorsEnabled=true}]
Session ID: 055ec6c3e6514a7e826a07fd7ed5a1d2
*** Element info: {Using=xpath, value=.//*[@id=&apos;envtable&apos;]//td[text()=&apos;Cat_Chef_Server&apos;]/following-sibling::td//*[@title=&apos;Delete&apos;]}" type="junit.framework.AssertionFailedError">junit.framework.AssertionFailedError: Unable to locate element: {&quot;method&quot;:&quot;xpath&quot;,&quot;selector&quot;:&quot;.//*[@id=&apos;envtable&apos;]//td[text()=&apos;Cat_Chef_Server&apos;]/following-sibling::td//*[@title=&apos;Delete&apos;]&quot;}
For documentation on this error, please visit: http://seleniumhq.org/exceptions/no_such_element.html
Build info: version: &apos;2.53.1&apos;, revision: &apos;a36b8b1&apos;, time: &apos;2016-06-30 17:37:03&apos;
System info: host: &apos;chef&apos;, ip: &apos;127.0.1.1&apos;, os.name: &apos;Linux&apos;, os.arch: &apos;i386&apos;, os.version: &apos;3.13.0-83-generic&apos;, java.version: &apos;1.8.0_74&apos;
Driver info: driver.version: unknown
Command duration or timeout: 40.27 seconds
For documentation on this error, please visit: http://seleniumhq.org/exceptions/no_such_element.html
Build info: version: &apos;2.53.1&apos;, revision: &apos;a36b8b1cd5757287168e54b817830adce9b0158d&apos;, time: &apos;2016-06-30 19:26:09&apos;
System info: host: &apos;RLE0372&apos;, ip: &apos;192.168.152.153&apos;, os.name: &apos;Windows 7&apos;, os.arch: &apos;amd64&apos;, os.version: &apos;6.1&apos;, java.version: &apos;1.8.0_91&apos;
Driver info: org.openqa.selenium.remote.RemoteWebDriver
Capabilities [{applicationCacheEnabled=true, rotatable=false, hasMetadata=true, databaseEnabled=true, handlesAlerts=true, version=45.0, platform=LINUX, nativeEvents=false, acceptSslCerts=true, webdriver.remote.sessionid=055ec6c3e6514a7e826a07fd7ed5a1d2, locationContextEnabled=true, webStorageEnabled=true, takesScreenshot=true, browserName=firefox, javascriptEnabled=true, cssSelectorsEnabled=true}]
Session ID: 055ec6c3e6514a7e826a07fd7ed5a1d2
*** Element info: {Using=xpath, value=.//*[@id=&apos;envtable&apos;]//td[text()=&apos;Cat_Chef_Server&apos;]/following-sibling::td//*[@title=&apos;Delete&apos;]}
	at junit.framework.Assert.fail(Assert.java:57)
	at junit.framework.TestCase.fail(TestCase.java:227)
	at com.rl.qa.views.ChefServerSetupViews.chefServerEditButton(ChefServerSetupViews.java:98)
	at com.rl.qa.steps.ChefServerSetupSteps.iSelectTheAndClickOnCorrespondingButton(ChefServerSetupSteps.java:51)
	at ✽.And I select the &quot;Cat_Chef_Server&quot; and click on corresponding &quot;Delete&quot; Button(src/test/resources/catalyst/settings/orgsetup/CreateEditDelEnvByCreatingNewEnv.feature:80)
</failure>
  </testcase>
  <testcase classname="| Cat_Chef_Server |" name="| Cat_Chef_Server |" time="0">
    <failure message="Unable to locate element: {&quot;method&quot;:&quot;xpath&quot;,&quot;selector&quot;:&quot;.//*[@id=&apos;envtable&apos;]//td[text()=&apos;Cat_Chef_Server&apos;]/following-sibling::td//*[@title=&apos;Delete&apos;]&quot;}
For documentation on this error, please visit: http://seleniumhq.org/exceptions/no_such_element.html
Build info: version: &apos;2.53.1&apos;, revision: &apos;a36b8b1&apos;, time: &apos;2016-06-30 17:37:03&apos;
System info: host: &apos;chef&apos;, ip: &apos;127.0.1.1&apos;, os.name: &apos;Linux&apos;, os.arch: &apos;i386&apos;, os.version: &apos;3.13.0-83-generic&apos;, java.version: &apos;1.8.0_74&apos;
Driver info: driver.version: unknown
Command duration or timeout: 40.27 seconds
For documentation on this error, please visit: http://seleniumhq.org/exceptions/no_such_element.html
Build info: version: &apos;2.53.1&apos;, revision: &apos;a36b8b1cd5757287168e54b817830adce9b0158d&apos;, time: &apos;2016-06-30 19:26:09&apos;
System info: host: &apos;RLE0372&apos;, ip: &apos;192.168.152.153&apos;, os.name: &apos;Windows 7&apos;, os.arch: &apos;amd64&apos;, os.version: &apos;6.1&apos;, java.version: &apos;1.8.0_91&apos;
Driver info: org.openqa.selenium.remote.RemoteWebDriver
Capabilities [{applicationCacheEnabled=true, rotatable=false, hasMetadata=true, databaseEnabled=true, handlesAlerts=true, version=45.0, platform=LINUX, nativeEvents=false, acceptSslCerts=true, webdriver.remote.sessionid=055ec6c3e6514a7e826a07fd7ed5a1d2, locationContextEnabled=true, webStorageEnabled=true, takesScreenshot=true, browserName=firefox, javascriptEnabled=true, cssSelectorsEnabled=true}]
Session ID: 055ec6c3e6514a7e826a07fd7ed5a1d2
*** Element info: {Using=xpath, value=.//*[@id=&apos;envtable&apos;]//td[text()=&apos;Cat_Chef_Server&apos;]/following-sibling::td//*[@title=&apos;Delete&apos;]}" type="junit.framework.AssertionFailedError">junit.framework.AssertionFailedError: Unable to locate element: {&quot;method&quot;:&quot;xpath&quot;,&quot;selector&quot;:&quot;.//*[@id=&apos;envtable&apos;]//td[text()=&apos;Cat_Chef_Server&apos;]/following-sibling::td//*[@title=&apos;Delete&apos;]&quot;}
For documentation on this error, please visit: http://seleniumhq.org/exceptions/no_such_element.html
Build info: version: &apos;2.53.1&apos;, revision: &apos;a36b8b1&apos;, time: &apos;2016-06-30 17:37:03&apos;
System info: host: &apos;chef&apos;, ip: &apos;127.0.1.1&apos;, os.name: &apos;Linux&apos;, os.arch: &apos;i386&apos;, os.version: &apos;3.13.0-83-generic&apos;, java.version: &apos;1.8.0_74&apos;
Driver info: driver.version: unknown
Command duration or timeout: 40.27 seconds
For documentation on this error, please visit: http://seleniumhq.org/exceptions/no_such_element.html
Build info: version: &apos;2.53.1&apos;, revision: &apos;a36b8b1cd5757287168e54b817830adce9b0158d&apos;, time: &apos;2016-06-30 19:26:09&apos;
System info: host: &apos;RLE0372&apos;, ip: &apos;192.168.152.153&apos;, os.name: &apos;Windows 7&apos;, os.arch: &apos;amd64&apos;, os.version: &apos;6.1&apos;, java.version: &apos;1.8.0_91&apos;
Driver info: org.openqa.selenium.remote.RemoteWebDriver
Capabilities [{applicationCacheEnabled=true, rotatable=false, hasMetadata=true, databaseEnabled=true, handlesAlerts=true, version=45.0, platform=LINUX, nativeEvents=false, acceptSslCerts=true, webdriver.remote.sessionid=055ec6c3e6514a7e826a07fd7ed5a1d2, locationContextEnabled=true, webStorageEnabled=true, takesScreenshot=true, browserName=firefox, javascriptEnabled=true, cssSelectorsEnabled=true}]
Session ID: 055ec6c3e6514a7e826a07fd7ed5a1d2
*** Element info: {Using=xpath, value=.//*[@id=&apos;envtable&apos;]//td[text()=&apos;Cat_Chef_Server&apos;]/following-sibling::td//*[@title=&apos;Delete&apos;]}
	at junit.framework.Assert.fail(Assert.java:57)
	at junit.framework.TestCase.fail(TestCase.java:227)
	at com.rl.qa.views.ChefServerSetupViews.chefServerEditButton(ChefServerSetupViews.java:98)
	at com.rl.qa.steps.ChefServerSetupSteps.iSelectTheAndClickOnCorrespondingButton(ChefServerSetupSteps.java:51)
	at ✽.And I select the &quot;Cat_Chef_Server&quot; and click on corresponding &quot;Delete&quot; Button(src/test/resources/catalyst/settings/orgsetup/CreateEditDelEnvByCreatingNewEnv.feature:80)
</failure>
  </testcase>
  <testcase classname="| Cat_Chef_Server |" name="And I click on OK button" time="0.001">
    <skipped/>
  </testcase>
  <testcase classname="| UAT_RL1 |" name="And I click on Organizations link in the settings tree" time="0"/>
  <testcase classname="| UAT_RL1 |" name="And I click on &quot;UAT_RL1&quot; delete button" time="0"/>
  <testcase classname="| UAT_RL1 |" name="And I click on OK button" time="0"/>
  <testcase classname="| UAT_RL1 |" name="| UAT_RL1 |" time="0.001"/>
  <testcase classname="Scenario: As a super user I sign out" name="And I Sign Out" time="0"/>
  <testcase classname="Scenario: As a super user I sign out" name="And I verify login page is displayed" time="0"/>
  <testcase classname="Scenario: As a super user I sign out" name="Scenario: As a super user I sign out" time="0"/>
</testsuite>